<?xml version="1.0" encoding="UTF-8" ?>
<testsuite tests="4" failures="0" name="sp.SecondPartTasksTest" time="0.167" errors="0" skipped="0">
  <properties>
[...]
</properties>
  <testcase classname="sp.SecondPartTasksTest" name="testPiDividedBy4" time="0.11"/>
  <testcase classname="sp.SecondPartTasksTest" name="testFindQuotes" time="0.036"/>
  <testcase classname="sp.SecondPartTasksTest" name="testFindPrinter" time="0.011"/>
  <testcase classname="sp.SecondPartTasksTest" name="testCalculateGlobalOrder" time="0.01"/>
</testsuite>